#
# A fatal error has been detected by the Java Runtime Environment:
#
#  EXCEPTION_ACCESS_VIOLATION (0xc0000005) at pc=0x775ed7ca, pid=1900, tid=5164
#
# JRE version: 6.0_33-b05
# Java VM: Java HotSpot(TM) Client VM (20.8-b03 mixed mode, sharing windows-x86 )
# Problematic frame:
# C  [ole32.dll+0x2d7ca]
#
# If you would like to submit a bug report, please visit:
#   http://java.sun.com/webapps/bugreport/crash.jsp
# The crash happened outside the Java Virtual Machine in native code.
# See problematic frame for where to report the bug.
#

---------------  T H R E A D  ---------------

Current thread (0x0408dc00):  JavaThread "AWT-EventQueue-0" [_thread_in_native, id=5164, stack(0x06000000,0x06050000)]

siginfo: ExceptionCode=0xc0000005, writing address 0x00000028

Registers:
EAX=0x0604e970, EBX=0x77707758, ECX=0x00000000, EDX=0x00000000
ESP=0x0604e940, EBP=0x0604e948, ESI=0x0604e970, EDI=0x00000028
EIP=0x775ed7ca, EFLAGS=0x00010246

Top of Stack: (sp=0x0604e940)
0x0604e940:   0026f9d0 00261578 0604e984 775ed300
0x0604e950:   0604e970 040f644c 0026f9d0 00000000
0x0604e960:   00000000 00292c90 00261578 00000000
0x0604e970:   00002c00 0000076c d75700a6 40816180
0x0604e980:   522252a1 0604e9a0 775ed369 040bcdb0
0x0604e990:   00000000 776fd6ee 01aa5650 0026f9d0
0x0604e9a0:   0604e9ec 7764e893 522252c9 01aa5650
0x0604e9b0:   01aa5650 040f644c 76a25582 00650008 

Instructions: (pc=0x775ed7ca)
0x775ed7aa:   00 83 c4 0c 89 45 fc 8b 45 fc c9 c2 30 00 90 90
0x775ed7ba:   90 90 90 8b ff 55 8b ec 56 8b 75 08 57 8d 79 28
0x775ed7ca:   a5 a5 a5 a5 5f 5e 5d c2 04 00 ff 75 0c ff 75 08
0x775ed7da:   e8 8d fe ff ff e9 15 f7 ff ff 90 90 90 90 90 8b 


Register to memory mapping:

EAX=0x0604e970 is pointing into the stack for thread: 0x0408dc00
EBX=0x77707758 is an unknown value
ECX=0x00000000 is an unknown value
EDX=0x00000000 is an unknown value
ESP=0x0604e940 is pointing into the stack for thread: 0x0408dc00
EBP=0x0604e948 is pointing into the stack for thread: 0x0408dc00
ESI=0x0604e970 is pointing into the stack for thread: 0x0408dc00
EDI=0x00000028 is an unknown value


Stack: [0x06000000,0x06050000],  sp=0x0604e940,  free space=314k
Native frames: (J=compiled Java code, j=interpreted, Vv=VM code, C=native code)
C  [ole32.dll+0x2d7ca]  CoGetTreatAsClass+0x309b
C  [ole32.dll+0x2d300]  CoGetTreatAsClass+0x2bd1
C  [ole32.dll+0x2d369]  CoGetTreatAsClass+0x2c3a
C  [ole32.dll+0x8e893]  CoLockObjectExternal+0x22
C  [awt.dll+0x702a3]  Java_sun_awt_windows_WColor_getDefaultColor+0x2ae3
j  sun.awt.windows.WComponentPeer.removeNativeDropTarget()V+0
j  sun.awt.windows.WComponentPeer.removeDropTarget(Ljava/awt/dnd/DropTarget;)V+18
j  java.awt.dnd.DropTarget.removeNotify(Ljava/awt/peer/ComponentPeer;)V+15
j  java.awt.Component.removeNotify()V+211
j  java.awt.Container.removeNotify()V+71
j  javax.swing.JComponent.removeNotify()V+1
j  java.awt.Container.removeNotify()V+42
j  javax.swing.JComponent.removeNotify()V+1
j  java.awt.Container.removeNotify()V+42
j  javax.swing.JComponent.removeNotify()V+1
j  java.awt.Container.removeNotify()V+42
j  javax.swing.JComponent.removeNotify()V+1
j  javax.swing.JRootPane.removeNotify()V+1
j  java.awt.Container.removeAll()V+84
j  javax.swing.JFileChooser.showDialog(Ljava/awt/Component;Ljava/lang/String;)I+69
j  extract.GUI$mergeInputAction.actionPerformed(Ljava/awt/event/ActionEvent;)V+775
j  javax.swing.AbstractButton.fireActionPerformed(Ljava/awt/event/ActionEvent;)V+84
j  javax.swing.AbstractButton$Handler.actionPerformed(Ljava/awt/event/ActionEvent;)V+5
j  javax.swing.DefaultButtonModel.fireActionPerformed(Ljava/awt/event/ActionEvent;)V+35
j  javax.swing.DefaultButtonModel.setPressed(Z)V+117
j  javax.swing.plaf.basic.BasicButtonListener.mouseReleased(Ljava/awt/event/MouseEvent;)V+35
j  java.awt.Component.processMouseEvent(Ljava/awt/event/MouseEvent;)V+64
j  javax.swing.JComponent.processMouseEvent(Ljava/awt/event/MouseEvent;)V+23
J  java.awt.Component.processEvent(Ljava/awt/AWTEvent;)V
V  [jvm.dll+0xfadcb]
V  [jvm.dll+0x18c3e1]
V  [jvm.dll+0xfae4d]
V  [jvm.dll+0xbb654]
C  [java.dll+0x102f]  Java_java_security_AccessController_doPrivileged__Ljava_security_PrivilegedAction_2Ljava_security_AccessControlContext_2+0x17
J  java.security.AccessControlContext$1.doIntersectionPrivilege(Ljava/security/PrivilegedAction;Ljava/security/AccessControlContext;Ljava/security/AccessControlContext;)Ljava/lang/Object;
V  [jvm.dll+0xfadcb]
V  [jvm.dll+0x18c3e1]
V  [jvm.dll+0xfae4d]
V  [jvm.dll+0xbb654]
C  [java.dll+0x102f]  Java_java_security_AccessController_doPrivileged__Ljava_security_PrivilegedAction_2Ljava_security_AccessControlContext_2+0x17
J  java.awt.EventQueue.dispatchEvent(Ljava/awt/AWTEvent;)V
j  java.awt.EventDispatchThread.pumpEventsForHierarchy(ILjava/awt/Conditional;Ljava/awt/Component;)V+11
j  java.awt.EventDispatchThread.pumpEvents(ILjava/awt/Conditional;)V+4
j  java.awt.EventDispatchThread.pumpEvents(Ljava/awt/Conditional;)V+3
j  java.awt.EventDispatchThread.run()V+9
v  ~StubRoutines::call_stub
V  [jvm.dll+0xfadcb]
V  [jvm.dll+0x18c3e1]
V  [jvm.dll+0xfaf71]
V  [jvm.dll+0xfafcb]
V  [jvm.dll+0xb5569]
V  [jvm.dll+0x1190a4]
V  [jvm.dll+0x14108c]
C  [msvcr71.dll+0x9565]  endthreadex+0xa0
C  [kernel32.dll+0x4ed6c]  BaseThreadInitThunk+0x12
C  [ntdll.dll+0x6377b]  RtlInitializeExceptionChain+0xef
C  [ntdll.dll+0x6374e]  RtlInitializeExceptionChain+0xc2

Java frames: (J=compiled Java code, j=interpreted, Vv=VM code)
j  sun.awt.windows.WComponentPeer.removeNativeDropTarget()V+0
j  sun.awt.windows.WComponentPeer.removeDropTarget(Ljava/awt/dnd/DropTarget;)V+18
j  java.awt.dnd.DropTarget.removeNotify(Ljava/awt/peer/ComponentPeer;)V+15
j  java.awt.Component.removeNotify()V+211
j  java.awt.Container.removeNotify()V+71
j  javax.swing.JComponent.removeNotify()V+1
j  java.awt.Container.removeNotify()V+42
j  javax.swing.JComponent.removeNotify()V+1
j  java.awt.Container.removeNotify()V+42
j  javax.swing.JComponent.removeNotify()V+1
j  java.awt.Container.removeNotify()V+42
j  javax.swing.JComponent.removeNotify()V+1
j  javax.swing.JRootPane.removeNotify()V+1
j  java.awt.Container.removeAll()V+84
j  javax.swing.JFileChooser.showDialog(Ljava/awt/Component;Ljava/lang/String;)I+69
j  extract.GUI$mergeInputAction.actionPerformed(Ljava/awt/event/ActionEvent;)V+775
j  javax.swing.AbstractButton.fireActionPerformed(Ljava/awt/event/ActionEvent;)V+84
j  javax.swing.AbstractButton$Handler.actionPerformed(Ljava/awt/event/ActionEvent;)V+5
j  javax.swing.DefaultButtonModel.fireActionPerformed(Ljava/awt/event/ActionEvent;)V+35
j  javax.swing.DefaultButtonModel.setPressed(Z)V+117
j  javax.swing.plaf.basic.BasicButtonListener.mouseReleased(Ljava/awt/event/MouseEvent;)V+35
j  java.awt.Component.processMouseEvent(Ljava/awt/event/MouseEvent;)V+64
j  javax.swing.JComponent.processMouseEvent(Ljava/awt/event/MouseEvent;)V+23
J  java.awt.Component.processEvent(Ljava/awt/AWTEvent;)V
J  java.awt.Container.processEvent(Ljava/awt/AWTEvent;)V
J  java.awt.Component.dispatchEventImpl(Ljava/awt/AWTEvent;)V
J  java.awt.Container.dispatchEventImpl(Ljava/awt/AWTEvent;)V
J  java.awt.LightweightDispatcher.retargetMouseEvent(Ljava/awt/Component;ILjava/awt/event/MouseEvent;)V
J  java.awt.LightweightDispatcher.processMouseEvent(Ljava/awt/event/MouseEvent;)Z
J  java.awt.LightweightDispatcher.dispatchEvent(Ljava/awt/AWTEvent;)Z
J  java.awt.Container.dispatchEventImpl(Ljava/awt/AWTEvent;)V
J  java.awt.Window.dispatchEventImpl(Ljava/awt/AWTEvent;)V
J  java.awt.EventQueue.dispatchEventImpl(Ljava/awt/AWTEvent;Ljava/lang/Object;)V
J  java.awt.EventQueue$1.run()Ljava/lang/Object;
v  ~StubRoutines::call_stub
J  java.security.AccessController.doPrivileged(Ljava/security/PrivilegedAction;Ljava/security/AccessControlContext;)Ljava/lang/Object;
J  java.security.AccessControlContext$1.doIntersectionPrivilege(Ljava/security/PrivilegedAction;Ljava/security/AccessControlContext;Ljava/security/AccessControlContext;)Ljava/lang/Object;
J  java.awt.EventQueue$2.run()Ljava/lang/Object;
v  ~StubRoutines::call_stub
J  java.security.AccessController.doPrivileged(Ljava/security/PrivilegedAction;Ljava/security/AccessControlContext;)Ljava/lang/Object;
J  java.awt.EventQueue.dispatchEvent(Ljava/awt/AWTEvent;)V
J  java.awt.EventDispatchThread.pumpOneEventForFilters(I)Z
j  java.awt.EventDispatchThread.pumpEventsForFilter(ILjava/awt/Conditional;Ljava/awt/EventFilter;)V+30
j  java.awt.EventDispatchThread.pumpEventsForHierarchy(ILjava/awt/Conditional;Ljava/awt/Component;)V+11
j  java.awt.EventDispatchThread.pumpEvents(ILjava/awt/Conditional;)V+4
j  java.awt.EventDispatchThread.pumpEvents(Ljava/awt/Conditional;)V+3
j  java.awt.EventDispatchThread.run()V+9
v  ~StubRoutines::call_stub

---------------  P R O C E S S  ---------------

Java Threads: ( => current thread )
  0x040d9800 JavaThread "TimerQueue" daemon [_thread_blocked, id=4664, stack(0x065b0000,0x06600000)]
  0x040d8c00 JavaThread "DestroyJavaVM" [_thread_blocked, id=5860, stack(0x00160000,0x001b0000)]
  0x040d9000 JavaThread "D3D Screen Updater" daemon [_thread_blocked, id=5392, stack(0x06370000,0x063c0000)]
  0x04090400 JavaThread "Swing-Shell" daemon [_thread_blocked, id=5576, stack(0x06050000,0x060a0000)]
=>0x0408dc00 JavaThread "AWT-EventQueue-0" [_thread_in_native, id=5164, stack(0x06000000,0x06050000)]
  0x01aeac00 JavaThread "AWT-Windows" daemon [_thread_in_native, id=1572, stack(0x03fd0000,0x04020000)]
  0x01aea800 JavaThread "AWT-Shutdown" [_thread_blocked, id=5596, stack(0x03f80000,0x03fd0000)]
  0x01ae7c00 JavaThread "Java2D Disposer" daemon [_thread_blocked, id=5380, stack(0x03f30000,0x03f80000)]
  0x01a98000 JavaThread "Low Memory Detector" daemon [_thread_blocked, id=5572, stack(0x03dd0000,0x03e20000)]
  0x01a7c000 JavaThread "C1 CompilerThread0" daemon [_thread_blocked, id=5876, stack(0x03d80000,0x03dd0000)]
  0x01a79400 JavaThread "Attach Listener" daemon [_thread_blocked, id=5280, stack(0x03d30000,0x03d80000)]
  0x01a78400 JavaThread "Signal Dispatcher" daemon [_thread_blocked, id=5256, stack(0x03ce0000,0x03d30000)]
  0x01a6d400 JavaThread "Finalizer" daemon [_thread_blocked, id=4832, stack(0x03c90000,0x03ce0000)]
  0x01a6b800 JavaThread "Reference Handler" daemon [_thread_blocked, id=1608, stack(0x03c40000,0x03c90000)]

Other Threads:
  0x01a2fc00 VMThread [stack: 0x03bf0000,0x03c40000] [id=4340]
  0x01aa8c00 WatcherThread [stack: 0x03e20000,0x03e70000] [id=5184]

VM state:not at safepoint (normal execution)

VM Mutex/Monitor currently owned by a thread: None

Heap
 def new generation   total 4928K, used 1589K [0x23790000, 0x23ce0000, 0x28ce0000)
  eden space 4416K,  32% used [0x23790000, 0x238f65a8, 0x23be0000)
  from space 512K,  30% used [0x23be0000, 0x23c06f58, 0x23c60000)
  to   space 512K,   0% used [0x23c60000, 0x23c60000, 0x23ce0000)
 tenured generation   total 10944K, used 904K [0x28ce0000, 0x29790000, 0x33790000)
   the space 10944K,   8% used [0x28ce0000, 0x28dc2268, 0x28dc2400, 0x29790000)
 compacting perm gen  total 12288K, used 1142K [0x33790000, 0x34390000, 0x37790000)
   the space 12288K,   9% used [0x33790000, 0x338ad848, 0x338ada00, 0x34390000)
    ro space 10240K,  51% used [0x37790000, 0x37cbe720, 0x37cbe800, 0x38190000)
    rw space 12288K,  55% used [0x38190000, 0x3882a880, 0x3882aa00, 0x38d90000)

Code Cache  [0x01bc0000, 0x01cf0000, 0x03bc0000)
 total_blobs=729 nmethods=516 adapters=148 free_code_cache=32319424 largest_free_block=0

Dynamic libraries:
0x00400000 - 0x00425000 	C:\Program Files\Java\jre6\bin\javaw.exe
0x77930000 - 0x77a6c000 	C:\Windows\SYSTEM32\ntdll.dll
0x77a70000 - 0x77b44000 	C:\Windows\system32\kernel32.dll
0x75c90000 - 0x75cdb000 	C:\Windows\system32\KERNELBASE.dll
0x76d50000 - 0x76df0000 	C:\Windows\system32\ADVAPI32.dll
0x76f40000 - 0x76fec000 	C:\Windows\system32\msvcrt.dll
0x770e0000 - 0x770f9000 	C:\Windows\SYSTEM32\sechost.dll
0x77030000 - 0x770d1000 	C:\Windows\system32\RPCRT4.dll
0x76a10000 - 0x76ad9000 	C:\Windows\system32\USER32.dll
0x76df0000 - 0x76e3e000 	C:\Windows\system32\GDI32.dll
0x77b50000 - 0x77b5a000 	C:\Windows\system32\LPK.dll
0x76b90000 - 0x76c2d000 	C:\Windows\system32\USP10.dll
0x76ae0000 - 0x76aff000 	C:\Windows\system32\IMM32.DLL
0x77370000 - 0x7743c000 	C:\Windows\system32\MSCTF.dll
0x7c340000 - 0x7c396000 	C:\Program Files\Java\jre6\bin\msvcr71.dll
0x6d7f0000 - 0x6da9f000 	C:\Program Files\Java\jre6\bin\client\jvm.dll
0x73e50000 - 0x73e82000 	C:\Windows\system32\WINMM.dll
0x759f0000 - 0x75a3c000 	C:\Windows\system32\apphelp.dll
0x6d7a0000 - 0x6d7ac000 	C:\Program Files\Java\jre6\bin\verify.dll
0x6d320000 - 0x6d33f000 	C:\Program Files\Java\jre6\bin\java.dll
0x6d7e0000 - 0x6d7ef000 	C:\Program Files\Java\jre6\bin\zip.dll
0x6d000000 - 0x6d14c000 	C:\Program Files\Java\jre6\bin\awt.dll
0x74fc0000 - 0x75011000 	C:\Windows\system32\WINSPOOL.DRV
0x775c0000 - 0x7771c000 	C:\Windows\system32\ole32.dll
0x74450000 - 0x745ee000 	C:\Windows\WinSxS\x86_microsoft.windows.common-controls_6595b64144ccf1df_6.0.7601.17514_none_41e6975e2bd6f2b2\COMCTL32.dll
0x76ed0000 - 0x76f27000 	C:\Windows\system32\SHLWAPI.dll
0x74120000 - 0x74133000 	C:\Windows\system32\DWMAPI.DLL
0x6d230000 - 0x6d27f000 	C:\Program Files\Java\jre6\bin\fontmanager.dll
0x75a40000 - 0x75a4c000 	C:\Windows\system32\CRYPTBASE.dll
0x75dc0000 - 0x76a0a000 	C:\Windows\system32\shell32.dll
0x57650000 - 0x57813000 	C:\Windows\system32\d3d9.dll
0x75040000 - 0x75049000 	C:\Windows\system32\VERSION.dll
0x73cc0000 - 0x73cc6000 	C:\Windows\system32\d3d8thk.dll
0x567a0000 - 0x57650000 	C:\Windows\system32\nvd3dum.dll
0x76f30000 - 0x76f35000 	C:\Windows\system32\PSAPI.DLL
0x74b20000 - 0x74b45000 	C:\Windows\system32\powrprof.dll
0x77180000 - 0x7731d000 	C:\Windows\system32\SETUPAPI.dll
0x75c60000 - 0x75c87000 	C:\Windows\system32\CFGMGR32.dll
0x76b00000 - 0x76b8f000 	C:\Windows\system32\OLEAUT32.dll
0x75d10000 - 0x75d22000 	C:\Windows\system32\DEVOBJ.dll
0x6d600000 - 0x6d613000 	C:\Program Files\Java\jre6\bin\net.dll
0x76ff0000 - 0x77025000 	C:\Windows\system32\WS2_32.dll
0x77320000 - 0x77326000 	C:\Windows\system32\NSI.dll
0x75500000 - 0x7553c000 	C:\Windows\system32\mswsock.dll
0x754f0000 - 0x754f6000 	C:\Windows\System32\wship6.dll
0x6d620000 - 0x6d629000 	C:\Program Files\Java\jre6\bin\nio.dll
0x76e40000 - 0x76ec3000 	C:\Windows\system32\CLBCatQ.DLL
0x719b0000 - 0x71b48000 	C:\Windows\system32\NetworkExplorer.dll
0x749e0000 - 0x74ad5000 	C:\Windows\system32\PROPSYS.dll
0x72f80000 - 0x72f92000 	C:\Windows\system32\MPR.dll
0x73880000 - 0x73888000 	C:\Windows\System32\drprov.dll
0x75750000 - 0x75779000 	C:\Windows\System32\WINSTA.dll
0x73620000 - 0x73634000 	C:\Windows\System32\ntlanman.dll
0x73290000 - 0x732a7000 	C:\Windows\System32\davclnt.dll
0x737c0000 - 0x737c8000 	C:\Windows\System32\DAVHLPR.dll
0x752d0000 - 0x752d9000 	C:\Windows\system32\netutils.dll
0x712d0000 - 0x712db000 	C:\Windows\system32\cscapi.dll
0x75810000 - 0x75829000 	C:\Windows\system32\srvcli.dll
0x74f30000 - 0x74f51000 	C:\Windows\system32\ntmarta.dll
0x778e0000 - 0x77925000 	C:\Windows\system32\WLDAP32.dll
0x69f90000 - 0x69fbe000 	C:\Windows\System32\shdocvw.dll
0x75ac0000 - 0x75acb000 	C:\Windows\system32\profapi.dll
0x745f0000 - 0x745fa000 	C:\Windows\system32\slc.dll
0x75060000 - 0x7506f000 	C:\Windows\system32\wkscli.dll
0x684e0000 - 0x68718000 	C:\Windows\system32\wpdshext.dll
0x74280000 - 0x74410000 	C:\Windows\WinSxS\x86_microsoft.windows.gdiplus_6595b64144ccf1df_1.1.7601.17825_none_72d273598668a06b\gdiplus.dll
0x71770000 - 0x717f9000 	C:\Windows\system32\PortableDeviceApi.dll
0x75ce0000 - 0x75d0d000 	C:\Windows\system32\WINTRUST.dll
0x75b40000 - 0x75c5e000 	C:\Windows\system32\CRYPT32.dll
0x75b30000 - 0x75b3c000 	C:\Windows\system32\MSASN1.dll
0x6d2d0000 - 0x6d2fb000 	C:\Windows\system32\PortableDeviceTypes.dll
0x73780000 - 0x737bf000 	C:\Windows\system32\audiodev.dll
0x6c020000 - 0x6c287000 	C:\Windows\system32\WMVCore.DLL
0x06330000 - 0x0636d000 	C:\Windows\system32\WMASF.DLL
0x71d00000 - 0x71d31000 	C:\Windows\system32\EhStorShell.dll
0x736f0000 - 0x73712000 	C:\Windows\system32\EhStorAPI.dll
0x73c90000 - 0x73c99000 	C:\Windows\system32\LINKINFO.dll
0x6dae0000 - 0x6db56000 	C:\Windows\system32\RICHED20.DLL
0x75540000 - 0x75556000 	C:\Windows\system32\CRYPTSP.dll
0x752e0000 - 0x7531b000 	C:\Windows\system32\rsaenh.dll
0x75ab0000 - 0x75abe000 	C:\Windows\system32\RpcRtRemote.dll

VM Arguments:
jvm_args: -Dfile.encoding=Cp1252 
java_command: extract.base
Launcher Type: SUN_STANDARD

Environment Variables:
CLASSPATH=.;C:\Program Files\Java\jre6\lib\ext\QTJava.zip
PATH=C:/Program Files/Java/jre7/bin/client;C:/Program Files/Java/jre7/bin;C:/Program Files/Java/jre7/lib/i386;C:\Program Files\NVIDIA Corporation\PhysX\Common;C:\Windows\system32;C:\Windows;C:\Windows\System32\Wbem;C:\Windows\System32\WindowsPowerShell\v1.0\;C:\Program Files\Intel\DMIX;C:\Program Files\QuickTime\QTSystem\;H:\Sophomore\AP Computer Science 10th\Eclipse\eclipse;
USERNAME=delrod15
OS=Windows_NT
PROCESSOR_IDENTIFIER=x86 Family 6 Model 23 Stepping 10, GenuineIntel



---------------  S Y S T E M  ---------------

OS: Windows 7 Build 7601 Service Pack 1

CPU:total 2 (2 cores per cpu, 1 threads per core) family 6 model 23 stepping 10, cmov, cx8, fxsr, mmx, sse, sse2, sse3, ssse3, sse4.1

Memory: 4k page, physical 3141552k(1306424k free), swap 6281352k(4250352k free)

vm_info: Java HotSpot(TM) Client VM (20.8-b03) for windows-x86 JRE (1.6.0_33-b05), built on Jun 28 2012 17:43:07 by "java_re" with MS VC++ 7.1 (VS2003)

time: Thu Feb 07 13:53:09 2013
elapsed time: 69 seconds

