#
# A fatal error has been detected by the Java Runtime Environment:
#
#  EXCEPTION_ACCESS_VIOLATION (0xc0000005) at pc=0x000007fefe071773, pid=852, tid=3220
#
# JRE version: 6.0_34-b04
# Java VM: Java HotSpot(TM) 64-Bit Server VM (20.9-b04 mixed mode windows-amd64 compressed oops)
# Problematic frame:
# C  [ole32.dll+0x21773]
#
# If you would like to submit a bug report, please visit:
#   http://java.sun.com/webapps/bugreport/crash.jsp
# The crash happened outside the Java Virtual Machine in native code.
# See problematic frame for where to report the bug.
#

---------------  T H R E A D  ---------------

Current thread (0x0000000006a76000):  JavaThread "AWT-EventQueue-0" [_thread_in_native, id=3220, stack(0x000000000a400000,0x000000000a500000)]

siginfo: ExceptionCode=0xc0000005, writing address 0x0000000000000030

Registers:
RAX=0x0000000000000000, RBX=0x000000000acda240, RCX=0x0000000000000c94, RDX=0x000007fefe1f7ba0
RSP=0x000000000a4fd3f0, RBP=0x000000000ae0df30, RSI=0x0000000000000000, RDI=0x000000000acda240
R8 =0x00000000000003d4, R9 =0x000007fefe1d9ea8, R10=0x0000000000000000, R11=0x000000000a4fd310
R12=0x0000000000000000, R13=0x000000000ae1fd50, R14=0x0000000000000000, R15=0x0000000000000000
RIP=0x000007fefe071773, EFLAGS=0x0000000000010246

Top of Stack: (sp=0x000000000a4fd3f0)
0x000000000a4fd3f0:   000000000acda240 0000000000000000
0x000000000a4fd400:   0000000000000000 000000006d8916c3
0x000000000a4fd410:   0000000000000000 000000000a4fd418
0x000000000a4fd420:   000003540000e000 9b6dcc134a28bd92
0x000000000a4fd430:   00000533f629ca52 000000006d8747f3
0x000000000a4fd440:   0000000000000000 00000000068f57c8
0x000000000a4fd450:   0000000000000000 000000000ae0df30
0x000000000a4fd460:   000000000a0624d0 000007fefe0719de
0x000000000a4fd470:   0000000000000000 000000000ae0df30
0x000000000a4fd480:   000000000a4fd6b8 000000000a4fd4a0
0x000000000a4fd490:   000000000d9cebf0 000007fefe1c1dc9
0x000000000a4fd4a0:   000000000ae0df30 000000000a4fd6d8
0x000000000a4fd4b0:   000000077b59bc40 0000000000000000
0x000000000a4fd4c0:   000000000d9cebf0 000007fefe17eaed
0x000000000a4fd4d0:   000000000ae0df30 000000000d9cebf0
0x000000000a4fd4e0:   00000000001d08ee 0000000000009825 

Instructions: (pc=0x000007fefe071773)
0x000007fefe071753:   45 1b 00 41 b8 d4 03 00 00 e8 8f 88 01 00 85 f6
0x000007fefe071763:   78 2b f3 0f 6f 44 24 30 48 8b 45 18 4c 89 6d 20
0x000007fefe071773:   f3 0f 7f 40 30 f6 45 0c 01 75 12 48 8b cd e8 e2
0x000007fefe071783:   fa ff ff 8b f0 85 c0 78 04 83 4d 0c 01 48 8b cd 


Register to memory mapping:

RAX=0x0000000000000000 is an unknown value
RBX=0x000000000acda240 is an unknown value
RCX=0x0000000000000c94 is an unknown value
RDX=0x000007fefe1f7ba0 is an unknown value
RSP=0x000000000a4fd3f0 is pointing into the stack for thread: 0x0000000006a76000
RBP=0x000000000ae0df30 is an unknown value
RSI=0x0000000000000000 is an unknown value
RDI=0x000000000acda240 is an unknown value
R8 =0x00000000000003d4 is an unknown value
R9 =0x000007fefe1d9ea8 is an unknown value
R10=0x0000000000000000 is an unknown value
R11=0x000000000a4fd310 is pointing into the stack for thread: 0x0000000006a76000
R12=0x0000000000000000 is an unknown value
R13=0x000000000ae1fd50 is an unknown value
R14=0x0000000000000000 is an unknown value
R15=0x0000000000000000 is an unknown value


Stack: [0x000000000a400000,0x000000000a500000],  sp=0x000000000a4fd3f0,  free space=1012k
Native frames: (J=compiled Java code, j=interpreted, Vv=VM code, C=native code)
C  [ole32.dll+0x21773]  CLSIDFromString+0x61b

Java frames: (J=compiled Java code, j=interpreted, Vv=VM code)
j  sun.awt.windows.WComponentPeer.removeNativeDropTarget()V+0
j  sun.awt.windows.WComponentPeer.removeDropTarget(Ljava/awt/dnd/DropTarget;)V+18
j  java.awt.dnd.DropTarget.removeNotify(Ljava/awt/peer/ComponentPeer;)V+15
j  java.awt.Component.removeNotify()V+211
j  java.awt.Container.removeNotify()V+71
j  javax.swing.JComponent.removeNotify()V+1
j  java.awt.Container.removeNotify()V+42
j  javax.swing.JComponent.removeNotify()V+1
j  java.awt.Container.removeNotify()V+42
j  javax.swing.JComponent.removeNotify()V+1
j  java.awt.Container.removeNotify()V+42
j  javax.swing.JComponent.removeNotify()V+1
j  javax.swing.JRootPane.removeNotify()V+1
j  java.awt.Container.removeAll()V+84
j  javax.swing.JFileChooser.showDialog(Ljava/awt/Component;Ljava/lang/String;)I+69
j  extract.GUI$mergeInputAction.actionPerformed(Ljava/awt/event/ActionEvent;)V+866
j  javax.swing.AbstractButton.fireActionPerformed(Ljava/awt/event/ActionEvent;)V+84
j  javax.swing.AbstractButton$Handler.actionPerformed(Ljava/awt/event/ActionEvent;)V+5
j  javax.swing.DefaultButtonModel.fireActionPerformed(Ljava/awt/event/ActionEvent;)V+35
j  javax.swing.DefaultButtonModel.setPressed(Z)V+117
j  javax.swing.plaf.basic.BasicButtonListener.mouseReleased(Ljava/awt/event/MouseEvent;)V+35
j  java.awt.Component.processMouseEvent(Ljava/awt/event/MouseEvent;)V+64
j  javax.swing.JComponent.processMouseEvent(Ljava/awt/event/MouseEvent;)V+23
j  java.awt.Component.processEvent(Ljava/awt/AWTEvent;)V+81
j  java.awt.Container.processEvent(Ljava/awt/AWTEvent;)V+18
j  java.awt.Component.dispatchEventImpl(Ljava/awt/AWTEvent;)V+573
j  java.awt.Container.dispatchEventImpl(Ljava/awt/AWTEvent;)V+42
J  java.awt.LightweightDispatcher.retargetMouseEvent(Ljava/awt/Component;ILjava/awt/event/MouseEvent;)V
j  java.awt.LightweightDispatcher.processMouseEvent(Ljava/awt/event/MouseEvent;)Z+139
j  java.awt.LightweightDispatcher.dispatchEvent(Ljava/awt/AWTEvent;)Z+50
j  java.awt.Container.dispatchEventImpl(Ljava/awt/AWTEvent;)V+12
j  java.awt.Window.dispatchEventImpl(Ljava/awt/AWTEvent;)V+65
j  java.awt.Component.dispatchEvent(Ljava/awt/AWTEvent;)V+2
j  java.awt.EventQueue.dispatchEventImpl(Ljava/awt/AWTEvent;Ljava/lang/Object;)V+41
j  java.awt.EventQueue.access$000(Ljava/awt/EventQueue;Ljava/awt/AWTEvent;Ljava/lang/Object;)V+3
j  java.awt.EventQueue$1.run()Ljava/lang/Void;+12
j  java.awt.EventQueue$1.run()Ljava/lang/Object;+1
v  ~StubRoutines::call_stub
j  java.security.AccessController.doPrivileged(Ljava/security/PrivilegedAction;Ljava/security/AccessControlContext;)Ljava/lang/Object;+0
j  java.security.AccessControlContext$1.doIntersectionPrivilege(Ljava/security/PrivilegedAction;Ljava/security/AccessControlContext;Ljava/security/AccessControlContext;)Ljava/lang/Object;+28
j  java.security.AccessControlContext$1.doIntersectionPrivilege(Ljava/security/PrivilegedAction;Ljava/security/AccessControlContext;)Ljava/lang/Object;+6
j  java.awt.EventQueue$2.run()Ljava/lang/Void;+11
j  java.awt.EventQueue$2.run()Ljava/lang/Object;+1
v  ~StubRoutines::call_stub
j  java.security.AccessController.doPrivileged(Ljava/security/PrivilegedAction;Ljava/security/AccessControlContext;)Ljava/lang/Object;+0
J  java.awt.EventDispatchThread.pumpOneEventForFilters(I)Z
j  java.awt.EventDispatchThread.pumpEventsForFilter(ILjava/awt/Conditional;Ljava/awt/EventFilter;)V+30
j  java.awt.EventDispatchThread.pumpEventsForHierarchy(ILjava/awt/Conditional;Ljava/awt/Component;)V+11
j  java.awt.EventDispatchThread.pumpEvents(ILjava/awt/Conditional;)V+4
j  java.awt.EventDispatchThread.pumpEvents(Ljava/awt/Conditional;)V+3
j  java.awt.EventDispatchThread.run()V+9
v  ~StubRoutines::call_stub

---------------  P R O C E S S  ---------------

Java Threads: ( => current thread )
  0x000000000c951800 JavaThread "TimerQueue" daemon [_thread_blocked, id=3472, stack(0x0000000009f00000,0x000000000a000000)]
  0x000000000058b800 JavaThread "DestroyJavaVM" [_thread_blocked, id=5532, stack(0x00000000023a0000,0x00000000024a0000)]
  0x000000000a1e3800 JavaThread "D3D Screen Updater" daemon [_thread_blocked, id=7040, stack(0x000000000aa20000,0x000000000ab20000)]
  0x000000000a03c000 JavaThread "Swing-Shell" daemon [_thread_blocked, id=5928, stack(0x000000000a500000,0x000000000a600000)]
=>0x0000000006a76000 JavaThread "AWT-EventQueue-0" [_thread_in_native, id=3220, stack(0x000000000a400000,0x000000000a500000)]
  0x0000000006962800 JavaThread "AWT-Windows" daemon [_thread_in_native, id=5516, stack(0x0000000007e80000,0x0000000007f80000)]
  0x0000000006a05000 JavaThread "AWT-Shutdown" [_thread_blocked, id=3268, stack(0x0000000007d80000,0x0000000007e80000)]
  0x000000000694e800 JavaThread "Java2D Disposer" daemon [_thread_blocked, id=5132, stack(0x0000000007c80000,0x0000000007d80000)]
  0x000000000691b000 JavaThread "Low Memory Detector" daemon [_thread_blocked, id=3596, stack(0x00000000077c0000,0x00000000078c0000)]
  0x000000000690a800 JavaThread "C2 CompilerThread1" daemon [_thread_blocked, id=6084, stack(0x00000000076c0000,0x00000000077c0000)]
  0x0000000006906000 JavaThread "C2 CompilerThread0" daemon [_thread_blocked, id=2992, stack(0x00000000075c0000,0x00000000076c0000)]
  0x00000000068f9800 JavaThread "JDWP Command Reader" daemon [_thread_in_native, id=6268, stack(0x00000000074c0000,0x00000000075c0000)]
  0x00000000068f8000 JavaThread "JDWP Event Helper Thread" daemon [_thread_blocked, id=6884, stack(0x00000000073c0000,0x00000000074c0000)]
  0x00000000068ed800 JavaThread "JDWP Transport Listener: dt_socket" daemon [_thread_blocked, id=6212, stack(0x00000000071d0000,0x00000000072d0000)]
  0x00000000068e5800 JavaThread "Attach Listener" daemon [_thread_blocked, id=3264, stack(0x0000000006b90000,0x0000000006c90000)]
  0x00000000068e0000 JavaThread "Signal Dispatcher" daemon [_thread_blocked, id=2640, stack(0x0000000006a90000,0x0000000006b90000)]
  0x00000000002cc000 JavaThread "Finalizer" daemon [_thread_blocked, id=6656, stack(0x0000000006790000,0x0000000006890000)]
  0x00000000002c5000 JavaThread "Reference Handler" daemon [_thread_blocked, id=5904, stack(0x0000000006690000,0x0000000006790000)]

Other Threads:
  0x00000000002bd800 VMThread [stack: 0x0000000006590000,0x0000000006690000] [id=6108]
  0x000000000692c800 WatcherThread [stack: 0x00000000078c0000,0x00000000079c0000] [id=6136]

VM state:not at safepoint (normal execution)

VM Mutex/Monitor currently owned by a thread: None

Heap
 PSYoungGen      total 38144K, used 30259K [0x00000007d56b0000, 0x00000007d8140000, 0x0000000800000000)
  eden space 32704K, 92% used [0x00000007d56b0000,0x00000007d743cd10,0x00000007d76a0000)
  from space 5440K, 0% used [0x00000007d7bf0000,0x00000007d7bf0000,0x00000007d8140000)
  to   space 5440K, 0% used [0x00000007d76a0000,0x00000007d76a0000,0x00000007d7bf0000)
 PSOldGen        total 87232K, used 0K [0x0000000780400000, 0x0000000785930000, 0x00000007d56b0000)
  object space 87232K, 0% used [0x0000000780400000,0x0000000780400000,0x0000000785930000)
 PSPermGen       total 21248K, used 15389K [0x000000077b200000, 0x000000077c6c0000, 0x0000000780400000)
  object space 21248K, 72% used [0x000000077b200000,0x000000077c107748,0x000000077c6c0000)

Code Cache  [0x00000000024a0000, 0x0000000002710000, 0x00000000054a0000)
 total_blobs=567 nmethods=150 adapters=378 free_code_cache=49417408 largest_free_block=6848

Dynamic libraries:
0x0000000000400000 - 0x000000000042f000 	C:\Program Files\Java\jre6\bin\javaw.exe
0x0000000076e60000 - 0x000000007700c000 	C:\Windows\SYSTEM32\ntdll.dll
0x0000000076d40000 - 0x0000000076e5f000 	C:\Windows\system32\kernel32.dll
0x000007fefd4f0000 - 0x000007fefd55c000 	C:\Windows\system32\KERNELBASE.dll
0x000007fefde60000 - 0x000007fefdf3b000 	C:\Windows\system32\ADVAPI32.dll
0x000007feff0b0000 - 0x000007feff14f000 	C:\Windows\system32\msvcrt.dll
0x000007feff150000 - 0x000007feff16f000 	C:\Windows\SYSTEM32\sechost.dll
0x000007fefdd20000 - 0x000007fefde4e000 	C:\Windows\system32\RPCRT4.dll
0x0000000076af0000 - 0x0000000076bea000 	C:\Windows\system32\USER32.dll
0x000007fefdcb0000 - 0x000007fefdd17000 	C:\Windows\system32\GDI32.dll
0x000007fefe040000 - 0x000007fefe04e000 	C:\Windows\system32\LPK.dll
0x000007fefd970000 - 0x000007fefda3a000 	C:\Windows\system32\USP10.dll
0x000007fefda40000 - 0x000007fefda6e000 	C:\Windows\system32\IMM32.DLL
0x000007fefdb50000 - 0x000007fefdc59000 	C:\Windows\system32\MSCTF.dll
0x000000006d800000 - 0x000000006dfb9000 	C:\Program Files\Java\jre6\bin\server\jvm.dll
0x000007fefb1b0000 - 0x000007fefb1eb000 	C:\Windows\system32\WINMM.dll
0x000000006d770000 - 0x000000006d77e000 	C:\Program Files\Java\jre6\bin\verify.dll
0x000000006d3b0000 - 0x000000006d3d7000 	C:\Program Files\Java\jre6\bin\java.dll
0x000000006d420000 - 0x000000006d454000 	C:\Program Files\Java\jre6\bin\jdwp.dll
0x000000006d640000 - 0x000000006d648000 	C:\Program Files\Java\jre6\bin\npt.dll
0x000000006d7c0000 - 0x000000006d7d2000 	C:\Program Files\Java\jre6\bin\zip.dll
0x000000006d270000 - 0x000000006d279000 	C:\Program Files\Java\jre6\bin\dt_socket.dll
0x000007fefdc60000 - 0x000007fefdcad000 	C:\Windows\system32\WS2_32.dll
0x000007fefde50000 - 0x000007fefde58000 	C:\Windows\system32\NSI.dll
0x000007fefae60000 - 0x000007fefae75000 	C:\Windows\system32\NLAapi.dll
0x000007fefcb20000 - 0x000007fefcb74000 	C:\Windows\System32\mswsock.dll
0x000007fefc9a0000 - 0x000007fefc9fb000 	C:\Windows\system32\DNSAPI.dll
0x000007fef79b0000 - 0x000007fef79bb000 	C:\Windows\System32\winrnr.dll
0x000007fef6340000 - 0x000007fef6355000 	C:\Windows\system32\napinsp.dll
0x000007fef6320000 - 0x000007fef6339000 	C:\Windows\system32\pnrpnsp.dll
0x00000000717c0000 - 0x00000000717e6000 	C:\Program Files\Bonjour\mdnsNSP.dll
0x000007fefaa20000 - 0x000007fefaa47000 	C:\Windows\system32\Iphlpapi.DLL
0x000007fefaa00000 - 0x000007fefaa0b000 	C:\Windows\system32\WINNSI.DLL
0x000007fefa840000 - 0x000007fefa893000 	C:\Windows\System32\fwpuclnt.dll
0x000007fef8d60000 - 0x000007fef8d68000 	C:\Windows\system32\rasadhlp.dll
0x000007fefc4f0000 - 0x000007fefc4f7000 	C:\Windows\System32\wshtcpip.dll
0x000000006d000000 - 0x000000006d1c4000 	C:\Program Files\Java\jre6\bin\awt.dll
0x000007fef9880000 - 0x000007fef98f0000 	C:\Windows\system32\WINSPOOL.DRV
0x000007fefe050000 - 0x000007fefe252000 	C:\Windows\system32\ole32.dll
0x000007fefe260000 - 0x000007fefefe7000 	C:\Windows\system32\SHELL32.dll
0x000007fefdf40000 - 0x000007fefdfb1000 	C:\Windows\system32\SHLWAPI.dll
0x000007fefbaf0000 - 0x000007fefbce4000 	C:\Windows\WinSxS\amd64_microsoft.windows.common-controls_6595b64144ccf1df_6.0.7600.16661_none_fa62ad231704eab7\COMCTL32.dll
0x000007fefb670000 - 0x000007fefb688000 	C:\Windows\system32\DWMAPI.DLL
0x000007fefba40000 - 0x000007fefba96000 	C:\Windows\system32\uxtheme.dll
0x000000006d2a0000 - 0x000000006d307000 	C:\Program Files\Java\jre6\bin\fontmanager.dll
0x000007fefd200000 - 0x000007fefd20f000 	C:\Windows\system32\CRYPTBASE.dll
0x000007feece00000 - 0x000007feecfff000 	C:\Windows\system32\d3d9.dll
0x000007fefc420000 - 0x000007fefc42c000 	C:\Windows\system32\VERSION.dll
0x000007fefab50000 - 0x000007fefab57000 	C:\Windows\system32\d3d8thk.dll
0x000007feebc80000 - 0x000007feece00000 	C:\Windows\system32\nvd3dumx.dll
0x0000000077030000 - 0x0000000077037000 	C:\Windows\system32\PSAPI.DLL
0x000007fefc160000 - 0x000007fefc18c000 	C:\Windows\system32\powrprof.dll
0x000007fefd6a0000 - 0x000007fefd877000 	C:\Windows\system32\SETUPAPI.dll
0x000007fefd620000 - 0x000007fefd656000 	C:\Windows\system32\CFGMGR32.dll
0x000007fefda70000 - 0x000007fefdb47000 	C:\Windows\system32\OLEAUT32.dll
0x000007fefd560000 - 0x000007fefd57a000 	C:\Windows\system32\DEVOBJ.dll
0x0000000180000000 - 0x0000000180116000 	C:\Program Files (x86)\NVIDIA Corporation\3D Vision\nvSCPAPI64.dll
0x000007fef5f70000 - 0x000007fef6017000 	C:\Windows\system32\dxgi.dll
0x000000006d610000 - 0x000000006d627000 	C:\Program Files\Java\jre6\bin\net.dll
0x000007fefcb10000 - 0x000007fefcb17000 	C:\Windows\System32\wship6.dll
0x000000006d630000 - 0x000000006d63b000 	C:\Program Files\Java\jre6\bin\nio.dll
0x000007fefeff0000 - 0x000007feff089000 	C:\Windows\system32\CLBCatQ.DLL
0x000007fefbfe0000 - 0x000007fefc10c000 	C:\Windows\system32\propsys.dll
0x000007fefb4c0000 - 0x000007fefb4ed000 	C:\Windows\system32\ntmarta.dll
0x000007fefd920000 - 0x000007fefd970000 	C:\Windows\system32\WLDAP32.dll
0x000007fefd1a0000 - 0x000007fefd1f7000 	C:\Windows\system32\apphelp.dll
0x000007fef3400000 - 0x000007fef359c000 	C:\Windows\system32\NetworkExplorer.dll
0x000007fef5a60000 - 0x000007fef5a93000 	C:\Windows\System32\shdocvw.dll
0x000007fefd2d0000 - 0x000007fefd2df000 	C:\Windows\system32\profapi.dll
0x000007fefada0000 - 0x000007fefadab000 	C:\Windows\system32\slc.dll
0x000007fef62e0000 - 0x000007fef62f8000 	C:\Windows\system32\MPR.dll
0x0000000006de0000 - 0x0000000006df9000 	C:\Program Files\Common Files\Adobe\Adobe Drive CS4\AdobeDriveCS4_NP.dll
0x000007fefab40000 - 0x000007fefab4a000 	C:\Windows\System32\drprov.dll
0x000007fefc930000 - 0x000007fefc96d000 	C:\Windows\System32\WINSTA.dll
0x000007fefaab0000 - 0x000007fefaad2000 	C:\Windows\System32\ntlanman.dll
0x000007fefaa70000 - 0x000007fefaa8c000 	C:\Windows\System32\davclnt.dll
0x000007fefab30000 - 0x000007fefab3a000 	C:\Windows\System32\DAVHLPR.dll
0x000007fefb360000 - 0x000007fefb375000 	C:\Windows\system32\wkscli.dll
0x000007fef5cc0000 - 0x000007fef5ccf000 	C:\Windows\system32\cscapi.dll
0x000007fefb380000 - 0x000007fefb38c000 	C:\Windows\system32\netutils.dll
0x000007fef65c0000 - 0x000007fef6831000 	C:\Windows\system32\wpdshext.dll
0x000007fefb820000 - 0x000007fefba36000 	C:\Windows\WinSxS\amd64_microsoft.windows.gdiplus_6595b64144ccf1df_1.1.7600.17007_none_2b47185a719d6182\gdiplus.dll
0x000007fef7bb0000 - 0x000007fef7c6d000 	C:\Windows\system32\PortableDeviceApi.dll
0x000007fefd660000 - 0x000007fefd699000 	C:\Windows\system32\WINTRUST.dll
0x000007fefd380000 - 0x000007fefd4ea000 	C:\Windows\system32\CRYPT32.dll
0x000007fefd370000 - 0x000007fefd37f000 	C:\Windows\system32\MSASN1.dll
0x000007fef6fe0000 - 0x000007fef7019000 	C:\Windows\system32\PortableDeviceTypes.dll
0x000007fef5d60000 - 0x000007fef5d95000 	C:\Windows\system32\EhStorShell.dll
0x000007fef7020000 - 0x000007fef7047000 	C:\Windows\system32\EhStorAPI.dll
0x000007fef3680000 - 0x000007fef40f1000 	C:\Windows\System32\ieframe.dll
0x000007fefb110000 - 0x000007fefb164000 	C:\Windows\System32\OLEACC.dll
0x00000000768e0000 - 0x0000000076aef000 	C:\Windows\system32\iertutil.dll
0x000007fef5a50000 - 0x000007fef5a5c000 	C:\Windows\system32\LINKINFO.dll
0x000007fef72f0000 - 0x000007fef7371000 	C:\Windows\system32\DeviceCenter.dll
0x000007fefb720000 - 0x000007fefb812000 	C:\Windows\system32\DUI70.dll
0x000007fef2c60000 - 0x000007fef2cfe000 	C:\Windows\system32\RICHED20.DLL
0x000007fefcd90000 - 0x000007fefcda7000 	C:\Windows\system32\CRYPTSP.dll
0x000007fefc840000 - 0x000007fefc887000 	C:\Windows\system32\rsaenh.dll
0x000007fefc620000 - 0x000007fefc63e000 	C:\Windows\system32\USERENV.dll
0x000007fefd2b0000 - 0x000007fefd2c4000 	C:\Windows\system32\RpcRtRemote.dll

VM Arguments:
jvm_args: -agentlib:jdwp=transport=dt_socket,suspend=y,address=localhost:64686 -Dfile.encoding=Cp1252 
java_command: extract.base
Launcher Type: SUN_STANDARD

Environment Variables:
PATH=C:\Program Files (x86)\NVIDIA Corporation\PhysX\Common;C:\Windows\system32;C:\Windows;C:\Windows\System32\Wbem;C:\Windows\System32\WindowsPowerShell\v1.0\;Z:\android\android-windows-sdk\platform-tools;C:\Program Files\Java\jdk1.7.0_07\bin\java.exe;Z:\Program Files (x86)\Autodesk\Backburner\;C:\Program Files\Common Files\Autodesk Shared\
USERNAME=Applehack
OS=Windows_NT
PROCESSOR_IDENTIFIER=Intel64 Family 6 Model 42 Stepping 7, GenuineIntel



---------------  S Y S T E M  ---------------

OS: Windows 7 , 64 bit Build 7600 

CPU:total 4 (4 cores per cpu, 1 threads per core) family 6 model 42 stepping 7, cmov, cx8, fxsr, mmx, sse, sse2, sse3, ssse3, sse4.1, sse4.2, popcnt

Memory: 4k page, physical 8370880k(5760008k free), swap 16739860k(12262044k free)

vm_info: Java HotSpot(TM) 64-Bit Server VM (20.9-b04) for windows-amd64 JRE (1.6.0_34-b04), built on Jul 19 2012 00:49:04 by "java_re" with MS VC++ 8.0 (VS2005)

time: Thu Feb 07 17:07:57 2013
elapsed time: 38 seconds

