#
# A fatal error has been detected by the Java Runtime Environment:
#
#  EXCEPTION_ACCESS_VIOLATION (0xc0000005) at pc=0x76c7d7ca, pid=3896, tid=4728
#
# JRE version: 6.0_33-b05
# Java VM: Java HotSpot(TM) Client VM (20.8-b03 mixed mode, sharing windows-x86 )
# Problematic frame:
# C  [ole32.dll+0x2d7ca]
#
# If you would like to submit a bug report, please visit:
#   http://java.sun.com/webapps/bugreport/crash.jsp
# The crash happened outside the Java Virtual Machine in native code.
# See problematic frame for where to report the bug.
#

---------------  T H R E A D  ---------------

Current thread (0x0440e800):  JavaThread "AWT-EventQueue-0" [_thread_in_native, id=4728, stack(0x063e0000,0x06430000)]

siginfo: ExceptionCode=0xc0000005, writing address 0x00000028

Registers:
EAX=0x0642e780, EBX=0x76d97758, ECX=0x00000000, EDX=0x00000000
ESP=0x0642e750, EBP=0x0642e758, ESI=0x0642e780, EDI=0x00000028
EIP=0x76c7d7ca, EFLAGS=0x00010246

Top of Stack: (sp=0x0642e750)
0x0642e750:   002bf240 002844c0 0642e794 76c7d300
0x0642e760:   0642e780 0447f14c 002bf240 00000000
0x0642e770:   00000000 00220540 002844c0 00000000
0x0642e780:   00004000 00000f38 01e45fb9 6d15c017
0x0642e790:   f266d33f 0642e7b0 76c7d369 0441d960
0x0642e7a0:   00000000 76d8d6ee 01b7add0 002bf240
0x0642e7b0:   0642e7fc 76cde893 f266d357 01b7add0
0x0642e7c0:   01b7add0 0447f14c 77315582 00610740 

Instructions: (pc=0x76c7d7ca)
0x76c7d7aa:   00 83 c4 0c 89 45 fc 8b 45 fc c9 c2 30 00 90 90
0x76c7d7ba:   90 90 90 8b ff 55 8b ec 56 8b 75 08 57 8d 79 28
0x76c7d7ca:   a5 a5 a5 a5 5f 5e 5d c2 04 00 ff 75 0c ff 75 08
0x76c7d7da:   e8 8d fe ff ff e9 15 f7 ff ff 90 90 90 90 90 8b 


Register to memory mapping:

EAX=0x0642e780 is pointing into the stack for thread: 0x0440e800
EBX=0x76d97758 is an unknown value
ECX=0x00000000 is an unknown value
EDX=0x00000000 is an unknown value
ESP=0x0642e750 is pointing into the stack for thread: 0x0440e800
EBP=0x0642e758 is pointing into the stack for thread: 0x0440e800
ESI=0x0642e780 is pointing into the stack for thread: 0x0440e800
EDI=0x00000028 is an unknown value


Stack: [0x063e0000,0x06430000],  sp=0x0642e750,  free space=313k
Native frames: (J=compiled Java code, j=interpreted, Vv=VM code, C=native code)
C  [ole32.dll+0x2d7ca]  CoGetTreatAsClass+0x309b
C  [ole32.dll+0x2d300]  CoGetTreatAsClass+0x2bd1
C  [ole32.dll+0x2d369]  CoGetTreatAsClass+0x2c3a
C  [ole32.dll+0x8e893]  CoLockObjectExternal+0x22
C  [awt.dll+0x702a3]  Java_sun_awt_windows_WColor_getDefaultColor+0x2ae3
j  sun.awt.windows.WComponentPeer.removeNativeDropTarget()V+0
j  sun.awt.windows.WComponentPeer.removeDropTarget(Ljava/awt/dnd/DropTarget;)V+18
j  java.awt.dnd.DropTarget.removeNotify(Ljava/awt/peer/ComponentPeer;)V+15
j  java.awt.Component.removeNotify()V+211
j  java.awt.Container.removeNotify()V+71
j  javax.swing.JComponent.removeNotify()V+1
j  java.awt.Container.removeNotify()V+42
j  javax.swing.JComponent.removeNotify()V+1
j  java.awt.Container.removeNotify()V+42
j  javax.swing.JComponent.removeNotify()V+1
j  java.awt.Container.removeNotify()V+42
j  javax.swing.JComponent.removeNotify()V+1
j  javax.swing.JRootPane.removeNotify()V+1
j  java.awt.Container.removeAll()V+84
j  javax.swing.JFileChooser.showDialog(Ljava/awt/Component;Ljava/lang/String;)I+69
j  extract.GUI$zipInputAction.actionPerformed(Ljava/awt/event/ActionEvent;)V+533
j  javax.swing.AbstractButton.fireActionPerformed(Ljava/awt/event/ActionEvent;)V+84
j  javax.swing.AbstractButton$Handler.actionPerformed(Ljava/awt/event/ActionEvent;)V+5
j  javax.swing.DefaultButtonModel.fireActionPerformed(Ljava/awt/event/ActionEvent;)V+35
j  javax.swing.DefaultButtonModel.setPressed(Z)V+117
j  javax.swing.plaf.basic.BasicButtonListener.mouseReleased(Ljava/awt/event/MouseEvent;)V+35
j  java.awt.Component.processMouseEvent(Ljava/awt/event/MouseEvent;)V+64
j  javax.swing.JComponent.processMouseEvent(Ljava/awt/event/MouseEvent;)V+23
J  java.awt.Component.processEvent(Ljava/awt/AWTEvent;)V
V  [jvm.dll+0xfadcb]
V  [jvm.dll+0x18c3e1]
V  [jvm.dll+0xfae4d]
V  [jvm.dll+0xbb654]
C  [java.dll+0x102f]  Java_java_security_AccessController_doPrivileged__Ljava_security_PrivilegedAction_2Ljava_security_AccessControlContext_2+0x17
J  java.security.AccessControlContext$1.doIntersectionPrivilege(Ljava/security/PrivilegedAction;Ljava/security/AccessControlContext;Ljava/security/AccessControlContext;)Ljava/lang/Object;
V  [jvm.dll+0xfadcb]
V  [jvm.dll+0x18c3e1]
V  [jvm.dll+0xfae4d]
V  [jvm.dll+0xbb654]
C  [java.dll+0x102f]  Java_java_security_AccessController_doPrivileged__Ljava_security_PrivilegedAction_2Ljava_security_AccessControlContext_2+0x17
J  java.awt.EventQueue.dispatchEvent(Ljava/awt/AWTEvent;)V
j  java.awt.EventDispatchThread.pumpEventsForHierarchy(ILjava/awt/Conditional;Ljava/awt/Component;)V+11
j  java.awt.EventDispatchThread.pumpEvents(ILjava/awt/Conditional;)V+4
j  java.awt.EventDispatchThread.pumpEvents(Ljava/awt/Conditional;)V+3
j  java.awt.EventDispatchThread.run()V+9
v  ~StubRoutines::call_stub
V  [jvm.dll+0xfadcb]
V  [jvm.dll+0x18c3e1]
V  [jvm.dll+0xfaf71]
V  [jvm.dll+0xfafcb]
V  [jvm.dll+0xb5569]
V  [jvm.dll+0x1190a4]
V  [jvm.dll+0x14108c]
C  [msvcr71.dll+0x9565]  endthreadex+0xa0
C  [kernel32.dll+0x4ed6c]  BaseThreadInitThunk+0x12
C  [ntdll.dll+0x6377b]  RtlInitializeExceptionChain+0xef
C  [ntdll.dll+0x6374e]  RtlInitializeExceptionChain+0xc2

Java frames: (J=compiled Java code, j=interpreted, Vv=VM code)
j  sun.awt.windows.WComponentPeer.removeNativeDropTarget()V+0
j  sun.awt.windows.WComponentPeer.removeDropTarget(Ljava/awt/dnd/DropTarget;)V+18
j  java.awt.dnd.DropTarget.removeNotify(Ljava/awt/peer/ComponentPeer;)V+15
j  java.awt.Component.removeNotify()V+211
j  java.awt.Container.removeNotify()V+71
j  javax.swing.JComponent.removeNotify()V+1
j  java.awt.Container.removeNotify()V+42
j  javax.swing.JComponent.removeNotify()V+1
j  java.awt.Container.removeNotify()V+42
j  javax.swing.JComponent.removeNotify()V+1
j  java.awt.Container.removeNotify()V+42
j  javax.swing.JComponent.removeNotify()V+1
j  javax.swing.JRootPane.removeNotify()V+1
j  java.awt.Container.removeAll()V+84
j  javax.swing.JFileChooser.showDialog(Ljava/awt/Component;Ljava/lang/String;)I+69
j  extract.GUI$zipInputAction.actionPerformed(Ljava/awt/event/ActionEvent;)V+533
j  javax.swing.AbstractButton.fireActionPerformed(Ljava/awt/event/ActionEvent;)V+84
j  javax.swing.AbstractButton$Handler.actionPerformed(Ljava/awt/event/ActionEvent;)V+5
j  javax.swing.DefaultButtonModel.fireActionPerformed(Ljava/awt/event/ActionEvent;)V+35
j  javax.swing.DefaultButtonModel.setPressed(Z)V+117
j  javax.swing.plaf.basic.BasicButtonListener.mouseReleased(Ljava/awt/event/MouseEvent;)V+35
j  java.awt.Component.processMouseEvent(Ljava/awt/event/MouseEvent;)V+64
j  javax.swing.JComponent.processMouseEvent(Ljava/awt/event/MouseEvent;)V+23
J  java.awt.Component.processEvent(Ljava/awt/AWTEvent;)V
J  java.awt.Container.processEvent(Ljava/awt/AWTEvent;)V
J  java.awt.Component.dispatchEventImpl(Ljava/awt/AWTEvent;)V
J  java.awt.Container.dispatchEventImpl(Ljava/awt/AWTEvent;)V
J  java.awt.LightweightDispatcher.retargetMouseEvent(Ljava/awt/Component;ILjava/awt/event/MouseEvent;)V
J  java.awt.LightweightDispatcher.processMouseEvent(Ljava/awt/event/MouseEvent;)Z
J  java.awt.LightweightDispatcher.dispatchEvent(Ljava/awt/AWTEvent;)Z
J  java.awt.Container.dispatchEventImpl(Ljava/awt/AWTEvent;)V
J  java.awt.Window.dispatchEventImpl(Ljava/awt/AWTEvent;)V
J  java.awt.EventQueue.dispatchEventImpl(Ljava/awt/AWTEvent;Ljava/lang/Object;)V
J  java.awt.EventQueue$1.run()Ljava/lang/Object;
v  ~StubRoutines::call_stub
J  java.security.AccessController.doPrivileged(Ljava/security/PrivilegedAction;Ljava/security/AccessControlContext;)Ljava/lang/Object;
J  java.security.AccessControlContext$1.doIntersectionPrivilege(Ljava/security/PrivilegedAction;Ljava/security/AccessControlContext;Ljava/security/AccessControlContext;)Ljava/lang/Object;
J  java.awt.EventQueue$2.run()Ljava/lang/Object;
v  ~StubRoutines::call_stub
J  java.security.AccessController.doPrivileged(Ljava/security/PrivilegedAction;Ljava/security/AccessControlContext;)Ljava/lang/Object;
J  java.awt.EventQueue.dispatchEvent(Ljava/awt/AWTEvent;)V
J  java.awt.EventDispatchThread.pumpOneEventForFilters(I)Z
j  java.awt.EventDispatchThread.pumpEventsForFilter(ILjava/awt/Conditional;Ljava/awt/EventFilter;)V+30
j  java.awt.EventDispatchThread.pumpEventsForHierarchy(ILjava/awt/Conditional;Ljava/awt/Component;)V+11
j  java.awt.EventDispatchThread.pumpEvents(ILjava/awt/Conditional;)V+4
j  java.awt.EventDispatchThread.pumpEvents(Ljava/awt/Conditional;)V+3
j  java.awt.EventDispatchThread.run()V+9
v  ~StubRoutines::call_stub

---------------  P R O C E S S  ---------------

Java Threads: ( => current thread )
  0x0446bc00 JavaThread "TimerQueue" daemon [_thread_blocked, id=5916, stack(0x06e40000,0x06e90000)]
  0x0446b000 JavaThread "D3D Screen Updater" daemon [_thread_blocked, id=2088, stack(0x06a90000,0x06ae0000)]
  0x0446b800 JavaThread "DestroyJavaVM" [_thread_blocked, id=3936, stack(0x00160000,0x001b0000)]
  0x0441b000 JavaThread "Swing-Shell" daemon [_thread_blocked, id=528, stack(0x06430000,0x06480000)]
=>0x0440e800 JavaThread "AWT-EventQueue-0" [_thread_in_native, id=4728, stack(0x063e0000,0x06430000)]
  0x01bac800 JavaThread "AWT-Windows" daemon [_thread_in_native, id=4164, stack(0x03ff0000,0x04040000)]
  0x01bac000 JavaThread "AWT-Shutdown" [_thread_blocked, id=3372, stack(0x03fa0000,0x03ff0000)]
  0x01ba8800 JavaThread "Java2D Disposer" daemon [_thread_blocked, id=3640, stack(0x03f20000,0x03f70000)]
  0x01b64400 JavaThread "Low Memory Detector" daemon [_thread_blocked, id=5268, stack(0x03dc0000,0x03e10000)]
  0x01b5a400 JavaThread "C1 CompilerThread0" daemon [_thread_blocked, id=4320, stack(0x03d70000,0x03dc0000)]
  0x01b59400 JavaThread "Attach Listener" daemon [_thread_blocked, id=3856, stack(0x03d20000,0x03d70000)]
  0x01b58400 JavaThread "Signal Dispatcher" daemon [_thread_blocked, id=4912, stack(0x03cd0000,0x03d20000)]
  0x01b50c00 JavaThread "Finalizer" daemon [_thread_blocked, id=2508, stack(0x03c80000,0x03cd0000)]
  0x01b4b800 JavaThread "Reference Handler" daemon [_thread_blocked, id=5624, stack(0x03c30000,0x03c80000)]

Other Threads:
  0x01b0fc00 VMThread [stack: 0x03be0000,0x03c30000] [id=5752]
  0x01b7ec00 WatcherThread [stack: 0x03e10000,0x03e60000] [id=4724]

VM state:not at safepoint (normal execution)

VM Mutex/Monitor currently owned by a thread: None

Heap
 def new generation   total 4928K, used 1266K [0x23790000, 0x23ce0000, 0x28ce0000)
  eden space 4416K,  23% used [0x23790000, 0x238982f0, 0x23be0000)
  from space 512K,  40% used [0x23c60000, 0x23c946a0, 0x23ce0000)
  to   space 512K,   0% used [0x23be0000, 0x23be0000, 0x23c60000)
 tenured generation   total 10944K, used 976K [0x28ce0000, 0x29790000, 0x33790000)
   the space 10944K,   8% used [0x28ce0000, 0x28dd4380, 0x28dd4400, 0x29790000)
 compacting perm gen  total 12288K, used 962K [0x33790000, 0x34390000, 0x37790000)
   the space 12288K,   7% used [0x33790000, 0x338808b8, 0x33880a00, 0x34390000)
    ro space 10240K,  51% used [0x37790000, 0x37cbe720, 0x37cbe800, 0x38190000)
    rw space 12288K,  55% used [0x38190000, 0x3882a880, 0x3882aa00, 0x38d90000)

Code Cache  [0x01be0000, 0x01d48000, 0x03be0000)
 total_blobs=897 nmethods=684 adapters=147 free_code_cache=32109504 largest_free_block=0

Dynamic libraries:
0x00400000 - 0x00425000 	C:\Program Files\Java\jre6\bin\javaw.exe
0x778c0000 - 0x779fc000 	C:\Windows\SYSTEM32\ntdll.dll
0x77220000 - 0x772f4000 	C:\Windows\system32\kernel32.dll
0x75b50000 - 0x75b9b000 	C:\Windows\system32\KERNELBASE.dll
0x77180000 - 0x77220000 	C:\Windows\system32\ADVAPI32.dll
0x77810000 - 0x778bc000 	C:\Windows\system32\msvcrt.dll
0x77ad0000 - 0x77ae9000 	C:\Windows\SYSTEM32\sechost.dll
0x76db0000 - 0x76e51000 	C:\Windows\system32\RPCRT4.dll
0x77300000 - 0x773c9000 	C:\Windows\system32\USER32.dll
0x77610000 - 0x7765e000 	C:\Windows\system32\GDI32.dll
0x75db0000 - 0x75dba000 	C:\Windows\system32\LPK.dll
0x773d0000 - 0x7746d000 	C:\Windows\system32\USP10.dll
0x77a20000 - 0x77a3f000 	C:\Windows\system32\IMM32.DLL
0x75e40000 - 0x75f0c000 	C:\Windows\system32\MSCTF.dll
0x7c340000 - 0x7c396000 	C:\Program Files\Java\jre6\bin\msvcr71.dll
0x6d7f0000 - 0x6da9f000 	C:\Program Files\Java\jre6\bin\client\jvm.dll
0x73660000 - 0x73692000 	C:\Windows\system32\WINMM.dll
0x75950000 - 0x7599c000 	C:\Windows\system32\apphelp.dll
0x6d7a0000 - 0x6d7ac000 	C:\Program Files\Java\jre6\bin\verify.dll
0x6d320000 - 0x6d33f000 	C:\Program Files\Java\jre6\bin\java.dll
0x6d7e0000 - 0x6d7ef000 	C:\Program Files\Java\jre6\bin\zip.dll
0x6d000000 - 0x6d14c000 	C:\Program Files\Java\jre6\bin\awt.dll
0x74f50000 - 0x74fa1000 	C:\Windows\system32\WINSPOOL.DRV
0x76c50000 - 0x76dac000 	C:\Windows\system32\ole32.dll
0x74830000 - 0x749ce000 	C:\Windows\WinSxS\x86_microsoft.windows.common-controls_6595b64144ccf1df_6.0.7601.17514_none_41e6975e2bd6f2b2\COMCTL32.dll
0x75f10000 - 0x75f67000 	C:\Windows\system32\SHLWAPI.dll
0x743d0000 - 0x743e3000 	C:\Windows\system32\DWMAPI.DLL
0x6d230000 - 0x6d27f000 	C:\Program Files\Java\jre6\bin\fontmanager.dll
0x11320000 - 0x11347000 	C:\Program Files\NetSupport\NetSupport School\pciappctrl.dll
0x75f70000 - 0x76bba000 	C:\Windows\system32\SHELL32.dll
0x74fd0000 - 0x74fd9000 	C:\Windows\system32\VERSION.dll
0x69d10000 - 0x69d2f000 	C:\Program Files\Common Files\NSL\NSCommonHook.dll
0x73b10000 - 0x73bfb000 	C:\Windows\system32\dbghelp.dll
0x759d0000 - 0x759dc000 	C:\Windows\system32\CRYPTBASE.dll
0x5d0a0000 - 0x5d263000 	C:\Windows\system32\d3d9.dll
0x73d50000 - 0x73d56000 	C:\Windows\system32\d3d8thk.dll
0x5bcd0000 - 0x5cb7e000 	C:\Windows\system32\nvd3dum.dll
0x77a00000 - 0x77a05000 	C:\Windows\system32\PSAPI.DLL
0x740b0000 - 0x740d5000 	C:\Windows\system32\powrprof.dll
0x77470000 - 0x7760d000 	C:\Windows\system32\SETUPAPI.dll
0x75b20000 - 0x75b47000 	C:\Windows\system32\CFGMGR32.dll
0x76bc0000 - 0x76c4f000 	C:\Windows\system32\OLEAUT32.dll
0x75b00000 - 0x75b12000 	C:\Windows\system32\DEVOBJ.dll
0x10000000 - 0x100eb000 	C:\Program Files\NVIDIA Corporation\3D Vision\nvSCPAPI.dll
0x69e00000 - 0x69e83000 	C:\Windows\system32\dxgi.dll
0x6d600000 - 0x6d613000 	C:\Program Files\Java\jre6\bin\net.dll
0x77660000 - 0x77695000 	C:\Windows\system32\WS2_32.dll
0x77a10000 - 0x77a16000 	C:\Windows\system32\NSI.dll
0x60850000 - 0x60872000 	C:\Program Files\Common Files\NSL\nslsp.dll
0x75490000 - 0x754cc000 	C:\Windows\system32\mswsock.dll
0x75480000 - 0x75486000 	C:\Windows\System32\wship6.dll
0x6d620000 - 0x6d629000 	C:\Program Files\Java\jre6\bin\nio.dll
0x77a40000 - 0x77ac3000 	C:\Windows\system32\CLBCatQ.DLL
0x679c0000 - 0x67b58000 	C:\Windows\system32\NetworkExplorer.dll
0x743f0000 - 0x744e5000 	C:\Windows\system32\PROPSYS.dll
0x73c00000 - 0x73c12000 	C:\Windows\system32\MPR.dll
0x73ff0000 - 0x73ff8000 	C:\Windows\System32\drprov.dll
0x759a0000 - 0x759c9000 	C:\Windows\System32\WINSTA.dll
0x715b0000 - 0x715c4000 	C:\Windows\System32\ntlanman.dll
0x71590000 - 0x715a7000 	C:\Windows\System32\davclnt.dll
0x71a20000 - 0x71a28000 	C:\Windows\System32\DAVHLPR.dll
0x75260000 - 0x75269000 	C:\Windows\system32\netutils.dll
0x71200000 - 0x7120b000 	C:\Windows\system32\cscapi.dll
0x758a0000 - 0x758b9000 	C:\Windows\system32\srvcli.dll
0x74f20000 - 0x74f41000 	C:\Windows\system32\ntmarta.dll
0x776a0000 - 0x776e5000 	C:\Windows\system32\WLDAP32.dll
0x66820000 - 0x6684e000 	C:\Windows\System32\shdocvw.dll
0x75a50000 - 0x75a5b000 	C:\Windows\system32\profapi.dll
0x73590000 - 0x7359a000 	C:\Windows\system32\slc.dll
0x74ff0000 - 0x74fff000 	C:\Windows\system32\wkscli.dll
0x680e0000 - 0x68318000 	C:\Windows\system32\wpdshext.dll
0x74660000 - 0x747f0000 	C:\Windows\WinSxS\x86_microsoft.windows.gdiplus_6595b64144ccf1df_1.1.7601.17825_none_72d273598668a06b\gdiplus.dll
0x71920000 - 0x719a9000 	C:\Windows\system32\PortableDeviceApi.dll
0x75ad0000 - 0x75afd000 	C:\Windows\system32\WINTRUST.dll
0x75c30000 - 0x75d4e000 	C:\Windows\system32\CRYPT32.dll
0x75ac0000 - 0x75acc000 	C:\Windows\system32\MSASN1.dll
0x69d60000 - 0x69d8b000 	C:\Windows\system32\PortableDeviceTypes.dll
0x71d30000 - 0x71d6f000 	C:\Windows\system32\audiodev.dll
0x63540000 - 0x637a7000 	C:\Windows\system32\WMVCore.DLL
0x6f840000 - 0x6f87d000 	C:\Windows\system32\WMASF.DLL
0x6a550000 - 0x6a581000 	C:\Windows\system32\EhStorShell.dll
0x71d80000 - 0x71da2000 	C:\Windows\system32\EhStorAPI.dll
0x69ee0000 - 0x69ee9000 	C:\Windows\system32\LINKINFO.dll
0x72000000 - 0x72076000 	C:\Windows\system32\RICHED20.DLL
0x747f0000 - 0x74830000 	C:\Windows\system32\UxTheme.dll
0x754d0000 - 0x754e6000 	C:\Windows\system32\CRYPTSP.dll
0x75270000 - 0x752ab000 	C:\Windows\system32\rsaenh.dll
0x75a40000 - 0x75a4e000 	C:\Windows\system32\RpcRtRemote.dll

VM Arguments:
jvm_args: -Dfile.encoding=Cp1252 
java_command: extract.base
Launcher Type: SUN_STANDARD

Environment Variables:
CLASSPATH=.;C:\Program Files\Java\jre7\lib\ext\QTJava.zip
PATH=C:/Program Files/Java/jre7/bin/client;C:/Program Files/Java/jre7/bin;C:/Program Files/Java/jre7/lib/i386;C:\Program Files\NVIDIA Corporation\PhysX\Common;C:\Windows\system32;C:\Windows;C:\Windows\System32\Wbem;C:\Windows\System32\WindowsPowerShell\v1.0\;C:\Program Files\Intel\DMIX;C:\Program Files\QuickTime\QTSystem\;H:\Sophomore\AP Computer Science 10th\Eclipse\eclipse;
USERNAME=delrod15
OS=Windows_NT
PROCESSOR_IDENTIFIER=x86 Family 6 Model 23 Stepping 10, GenuineIntel



---------------  S Y S T E M  ---------------

OS: Windows 7 Build 7601 Service Pack 1

CPU:total 2 (2 cores per cpu, 1 threads per core) family 6 model 23 stepping 10, cmov, cx8, fxsr, mmx, sse, sse2, sse3, ssse3, sse4.1

Memory: 4k page, physical 3141556k(1713140k free), swap 6281360k(4678264k free)

vm_info: Java HotSpot(TM) Client VM (20.8-b03) for windows-x86 JRE (1.6.0_33-b05), built on Jun 28 2012 17:43:07 by "java_re" with MS VC++ 7.1 (VS2003)

time: Mon Feb 04 15:43:10 2013
elapsed time: 174 seconds

